----------------------------------------------------------
Milisegundos desde o ínicio do programa: 1 
Classe: br.net.eia.ui.emitente.RestEmitenteManager 
Data: 29/07/2015 
Hora: 21:51:54 
Local: br.net.eia.ui.emitente.RestEmitenteManager.carregar(RestEmitenteManager.java:100) 
Mensagem: Erro ao Carregar o Emitente 
com.sun.jersey.api.client.ClientHandlerException: A message body reader for Java class br.net.eia.emitente.Emitente, and Java type class br.net.eia.emitente.Emitente, and MIME media type text/html; charset=utf-8 was not found
	at com.sun.jersey.api.client.ClientResponse.getEntity(ClientResponse.java:549)
	at com.sun.jersey.api.client.ClientResponse.getEntity(ClientResponse.java:506)
	at br.net.eia.ui.emitente.RestEmitenteManager.carregar(RestEmitenteManager.java:98)
	at br.net.eia.ui.MainApp.userLogging(MainApp.java:78)
	at br.net.eia.ui.login.LoginController.processLogin(LoginController.java:65)
	at sun.reflect.NativeMethodAccessorImpl.invoke0(Native Method)
	at sun.reflect.NativeMethodAccessorImpl.invoke(Unknown Source)
	at sun.reflect.DelegatingMethodAccessorImpl.invoke(Unknown Source)
	at java.lang.reflect.Method.invoke(Unknown Source)
	at sun.reflect.misc.Trampoline.invoke(Unknown Source)
	at sun.reflect.GeneratedMethodAccessor1.invoke(Unknown Source)
	at sun.reflect.DelegatingMethodAccessorImpl.invoke(Unknown Source)
	at java.lang.reflect.Method.invoke(Unknown Source)
	at sun.reflect.misc.MethodUtil.invoke(Unknown Source)
	at javafx.fxml.FXMLLoader$MethodHandler.invoke(Unknown Source)
	at javafx.fxml.FXMLLoader$ControllerMethodEventHandler.handle(Unknown Source)
	at com.sun.javafx.event.CompositeEventHandler.dispatchBubblingEvent(Unknown Source)
	at com.sun.javafx.event.EventHandlerManager.dispatchBubblingEvent(Unknown Source)
	at com.sun.javafx.event.EventHandlerManager.dispatchBubblingEvent(Unknown Source)
	at com.sun.javafx.event.CompositeEventDispatcher.dispatchBubblingEvent(Unknown Source)
	at com.sun.javafx.event.BasicEventDispatcher.dispatchEvent(Unknown Source)
	at com.sun.javafx.event.EventDispatchChainImpl.dispatchEvent(Unknown Source)
	at com.sun.javafx.event.BasicEventDispatcher.dispatchEvent(Unknown Source)
	at com.sun.javafx.event.EventDispatchChainImpl.dispatchEvent(Unknown Source)
	at com.sun.javafx.event.BasicEventDispatcher.dispatchEvent(Unknown Source)
	at com.sun.javafx.event.EventDispatchChainImpl.dispatchEvent(Unknown Source)
	at com.sun.javafx.event.EventUtil.fireEventImpl(Unknown Source)
	at com.sun.javafx.event.EventUtil.fireEvent(Unknown Source)
	at javafx.event.Event.fireEvent(Unknown Source)
	at javafx.scene.Node.fireEvent(Unknown Source)
	at javafx.scene.control.Button.fire(Unknown Source)
	at com.sun.javafx.scene.control.skin.ButtonSkin.lambda$new$279(Unknown Source)
	at com.sun.javafx.scene.control.skin.ButtonSkin$$Lambda$168/98031625.run(Unknown Source)
	at com.sun.javafx.scene.KeyboardShortcutsHandler.processAccelerators(Unknown Source)
	at com.sun.javafx.scene.KeyboardShortcutsHandler.dispatchBubblingEvent(Unknown Source)
	at com.sun.javafx.event.CompositeEventDispatcher.dispatchBubblingEvent(Unknown Source)
	at com.sun.javafx.event.BasicEventDispatcher.dispatchEvent(Unknown Source)
	at com.sun.javafx.event.EventDispatchChainImpl.dispatchEvent(Unknown Source)
	at com.sun.javafx.event.BasicEventDispatcher.dispatchEvent(Unknown Source)
	at com.sun.javafx.event.EventDispatchChainImpl.dispatchEvent(Unknown Source)
	at com.sun.javafx.event.EventUtil.fireEventImpl(Unknown Source)
	at com.sun.javafx.event.EventUtil.fireEvent(Unknown Source)
	at javafx.event.Event.fireEvent(Unknown Source)
	at javafx.scene.Node.fireEvent(Unknown Source)
	at com.sun.javafx.scene.control.behavior.TextInputControlBehavior.forwardToParent(Unknown Source)
	at com.sun.javafx.scene.control.behavior.TextFieldBehavior.fire(Unknown Source)
	at com.sun.javafx.scene.control.behavior.TextInputControlBehavior.callAction(Unknown Source)
	at com.sun.javafx.scene.control.behavior.BehaviorBase.callActionForEvent(Unknown Source)
	at com.sun.javafx.scene.control.behavior.TextInputControlBehavior.callActionForEvent(Unknown Source)
	at com.sun.javafx.scene.control.behavior.BehaviorBase.lambda$new$75(Unknown Source)
	at com.sun.javafx.scene.control.behavior.BehaviorBase$$Lambda$141/1393049993.handle(Unknown Source)
	at com.sun.javafx.event.CompositeEventHandler$NormalEventHandlerRecord.handleBubblingEvent(Unknown Source)
	at com.sun.javafx.event.CompositeEventHandler.dispatchBubblingEvent(Unknown Source)
	at com.sun.javafx.event.EventHandlerManager.dispatchBubblingEvent(Unknown Source)
	at com.sun.javafx.event.EventHandlerManager.dispatchBubblingEvent(Unknown Source)
	at com.sun.javafx.event.CompositeEventDispatcher.dispatchBubblingEvent(Unknown Source)
	at com.sun.javafx.event.BasicEventDispatcher.dispatchEvent(Unknown Source)
	at com.sun.javafx.event.EventDispatchChainImpl.dispatchEvent(Unknown Source)
	at com.sun.javafx.event.BasicEventDispatcher.dispatchEvent(Unknown Source)
	at com.sun.javafx.event.EventDispatchChainImpl.dispatchEvent(Unknown Source)
	at com.sun.javafx.event.BasicEventDispatcher.dispatchEvent(Unknown Source)
	at com.sun.javafx.event.EventDispatchChainImpl.dispatchEvent(Unknown Source)
	at com.sun.javafx.event.EventUtil.fireEventImpl(Unknown Source)
	at com.sun.javafx.event.EventUtil.fireEvent(Unknown Source)
	at javafx.event.Event.fireEvent(Unknown Source)
	at javafx.scene.Scene$KeyHandler.process(Unknown Source)
	at javafx.scene.Scene$KeyHandler.access$1800(Unknown Source)
	at javafx.scene.Scene.impl_processKeyEvent(Unknown Source)
	at javafx.scene.Scene$ScenePeerListener.keyEvent(Unknown Source)
	at com.sun.javafx.tk.quantum.GlassViewEventHandler$KeyEventNotification.run(Unknown Source)
	at com.sun.javafx.tk.quantum.GlassViewEventHandler$KeyEventNotification.run(Unknown Source)
	at java.security.AccessController.doPrivileged(Native Method)
	at com.sun.javafx.tk.quantum.GlassViewEventHandler.lambda$handleKeyEvent$349(Unknown Source)
	at com.sun.javafx.tk.quantum.GlassViewEventHandler$$Lambda$204/2109248173.get(Unknown Source)
	at com.sun.javafx.tk.quantum.QuantumToolkit.runWithoutRenderLock(Unknown Source)
	at com.sun.javafx.tk.quantum.GlassViewEventHandler.handleKeyEvent(Unknown Source)
	at com.sun.glass.ui.View.handleKeyEvent(Unknown Source)
	at com.sun.glass.ui.View.notifyKey(Unknown Source)
	at com.sun.glass.ui.win.WinApplication._runLoop(Native Method)
	at com.sun.glass.ui.win.WinApplication.lambda$null$145(Unknown Source)
	at com.sun.glass.ui.win.WinApplication$$Lambda$36/2117255219.run(Unknown Source)
	at java.lang.Thread.run(Unknown Source)
----------------------------------------------------------
Milisegundos desde o ínicio do programa: 1 
Classe: br.net.eia.ui.emitente.RestEmitenteManager 
Data: 06/08/2015 
Hora: 11:24:24 
Local: br.net.eia.ui.emitente.RestEmitenteManager.carregar(RestEmitenteManager.java:100) 
Mensagem: Erro ao Carregar o Emitente 
com.sun.jersey.api.client.ClientHandlerException: A message body reader for Java class br.net.eia.emitente.Emitente, and Java type class br.net.eia.emitente.Emitente, and MIME media type text/html; charset=utf-8 was not found
	at com.sun.jersey.api.client.ClientResponse.getEntity(ClientResponse.java:549)
	at com.sun.jersey.api.client.ClientResponse.getEntity(ClientResponse.java:506)
	at br.net.eia.ui.emitente.RestEmitenteManager.carregar(RestEmitenteManager.java:98)
	at br.net.eia.ui.MainApp.userLogging(MainApp.java:78)
	at br.net.eia.ui.login.LoginController.processLogin(LoginController.java:65)
	at sun.reflect.NativeMethodAccessorImpl.invoke0(Native Method)
	at sun.reflect.NativeMethodAccessorImpl.invoke(Unknown Source)
	at sun.reflect.DelegatingMethodAccessorImpl.invoke(Unknown Source)
	at java.lang.reflect.Method.invoke(Unknown Source)
	at sun.reflect.misc.Trampoline.invoke(Unknown Source)
	at sun.reflect.GeneratedMethodAccessor1.invoke(Unknown Source)
	at sun.reflect.DelegatingMethodAccessorImpl.invoke(Unknown Source)
	at java.lang.reflect.Method.invoke(Unknown Source)
	at sun.reflect.misc.MethodUtil.invoke(Unknown Source)
	at javafx.fxml.FXMLLoader$MethodHandler.invoke(Unknown Source)
	at javafx.fxml.FXMLLoader$ControllerMethodEventHandler.handle(Unknown Source)
	at com.sun.javafx.event.CompositeEventHandler.dispatchBubblingEvent(Unknown Source)
	at com.sun.javafx.event.EventHandlerManager.dispatchBubblingEvent(Unknown Source)
	at com.sun.javafx.event.EventHandlerManager.dispatchBubblingEvent(Unknown Source)
	at com.sun.javafx.event.CompositeEventDispatcher.dispatchBubblingEvent(Unknown Source)
	at com.sun.javafx.event.BasicEventDispatcher.dispatchEvent(Unknown Source)
	at com.sun.javafx.event.EventDispatchChainImpl.dispatchEvent(Unknown Source)
	at com.sun.javafx.event.BasicEventDispatcher.dispatchEvent(Unknown Source)
	at com.sun.javafx.event.EventDispatchChainImpl.dispatchEvent(Unknown Source)
	at com.sun.javafx.event.BasicEventDispatcher.dispatchEvent(Unknown Source)
	at com.sun.javafx.event.EventDispatchChainImpl.dispatchEvent(Unknown Source)
	at com.sun.javafx.event.EventUtil.fireEventImpl(Unknown Source)
	at com.sun.javafx.event.EventUtil.fireEvent(Unknown Source)
	at javafx.event.Event.fireEvent(Unknown Source)
	at javafx.scene.Node.fireEvent(Unknown Source)
	at javafx.scene.control.Button.fire(Unknown Source)
	at com.sun.javafx.scene.control.behavior.ButtonBehavior.mouseReleased(Unknown Source)
	at com.sun.javafx.scene.control.skin.BehaviorSkinBase$1.handle(Unknown Source)
	at com.sun.javafx.scene.control.skin.BehaviorSkinBase$1.handle(Unknown Source)
	at com.sun.javafx.event.CompositeEventHandler$NormalEventHandlerRecord.handleBubblingEvent(Unknown Source)
	at com.sun.javafx.event.CompositeEventHandler.dispatchBubblingEvent(Unknown Source)
	at com.sun.javafx.event.EventHandlerManager.dispatchBubblingEvent(Unknown Source)
	at com.sun.javafx.event.EventHandlerManager.dispatchBubblingEvent(Unknown Source)
	at com.sun.javafx.event.CompositeEventDispatcher.dispatchBubblingEvent(Unknown Source)
	at com.sun.javafx.event.BasicEventDispatcher.dispatchEvent(Unknown Source)
	at com.sun.javafx.event.EventDispatchChainImpl.dispatchEvent(Unknown Source)
	at com.sun.javafx.event.BasicEventDispatcher.dispatchEvent(Unknown Source)
	at com.sun.javafx.event.EventDispatchChainImpl.dispatchEvent(Unknown Source)
	at com.sun.javafx.event.BasicEventDispatcher.dispatchEvent(Unknown Source)
	at com.sun.javafx.event.EventDispatchChainImpl.dispatchEvent(Unknown Source)
	at com.sun.javafx.event.EventUtil.fireEventImpl(Unknown Source)
	at com.sun.javafx.event.EventUtil.fireEvent(Unknown Source)
	at javafx.event.Event.fireEvent(Unknown Source)
	at javafx.scene.Scene$MouseHandler.process(Unknown Source)
	at javafx.scene.Scene$MouseHandler.access$1500(Unknown Source)
	at javafx.scene.Scene.impl_processMouseEvent(Unknown Source)
	at javafx.scene.Scene$ScenePeerListener.mouseEvent(Unknown Source)
	at com.sun.javafx.tk.quantum.GlassViewEventHandler$MouseEventNotification.run(Unknown Source)
	at com.sun.javafx.tk.quantum.GlassViewEventHandler$MouseEventNotification.run(Unknown Source)
	at java.security.AccessController.doPrivileged(Native Method)
	at com.sun.javafx.tk.quantum.GlassViewEventHandler.lambda$handleMouseEvent$350(Unknown Source)
	at com.sun.javafx.tk.quantum.GlassViewEventHandler$$Lambda$178/949595232.get(Unknown Source)
	at com.sun.javafx.tk.quantum.QuantumToolkit.runWithoutRenderLock(Unknown Source)
	at com.sun.javafx.tk.quantum.GlassViewEventHandler.handleMouseEvent(Unknown Source)
	at com.sun.glass.ui.View.handleMouseEvent(Unknown Source)
	at com.sun.glass.ui.View.notifyMouse(Unknown Source)
	at com.sun.glass.ui.win.WinApplication._runLoop(Native Method)
	at com.sun.glass.ui.win.WinApplication.lambda$null$145(Unknown Source)
	at com.sun.glass.ui.win.WinApplication$$Lambda$36/2117255219.run(Unknown Source)
	at java.lang.Thread.run(Unknown Source)
----------------------------------------------------------
Milisegundos desde o ínicio do programa: 1 
Classe: br.net.eia.ui.emitente.RestEmitenteManager 
Data: 11/08/2015 
Hora: 08:51:29 
Local: br.net.eia.ui.BaseClientService$1.handle(BaseClientService.java:55) 
Mensagem: java.net.ConnectException: Connection refused 
com.sun.jersey.api.client.ClientHandlerException: java.net.ConnectException: Connection refused
	at com.sun.jersey.client.urlconnection.URLConnectionClientHandler.handle(URLConnectionClientHandler.java:149)
	at br.net.eia.ui.BaseClientService$1.handle(BaseClientService.java:53)
	at com.sun.jersey.api.client.Client.handle(Client.java:648)
	at com.sun.jersey.api.client.WebResource.handle(WebResource.java:670)
	at com.sun.jersey.api.client.WebResource.access$200(WebResource.java:74)
	at com.sun.jersey.api.client.WebResource$Builder.get(WebResource.java:503)
	at br.net.eia.ui.emitente.RestEmitenteManager.carregar(RestEmitenteManager.java:91)
	at br.net.eia.ui.MainApp.userLogging(MainApp.java:78)
	at br.net.eia.ui.login.LoginController.processLogin(LoginController.java:65)
	at sun.reflect.NativeMethodAccessorImpl.invoke0(Native Method)
	at sun.reflect.NativeMethodAccessorImpl.invoke(NativeMethodAccessorImpl.java:62)
	at sun.reflect.DelegatingMethodAccessorImpl.invoke(DelegatingMethodAccessorImpl.java:43)
	at java.lang.reflect.Method.invoke(Method.java:497)
	at sun.reflect.misc.Trampoline.invoke(MethodUtil.java:71)
	at sun.reflect.GeneratedMethodAccessor1.invoke(Unknown Source)
	at sun.reflect.DelegatingMethodAccessorImpl.invoke(DelegatingMethodAccessorImpl.java:43)
	at java.lang.reflect.Method.invoke(Method.java:497)
	at sun.reflect.misc.MethodUtil.invoke(MethodUtil.java:275)
	at javafx.fxml.FXMLLoader$MethodHandler.invoke(FXMLLoader.java:1765)
	at javafx.fxml.FXMLLoader$ControllerMethodEventHandler.handle(FXMLLoader.java:1653)
	at com.sun.javafx.event.CompositeEventHandler.dispatchBubblingEvent(CompositeEventHandler.java:86)
	at com.sun.javafx.event.EventHandlerManager.dispatchBubblingEvent(EventHandlerManager.java:238)
	at com.sun.javafx.event.EventHandlerManager.dispatchBubblingEvent(EventHandlerManager.java:191)
	at com.sun.javafx.event.CompositeEventDispatcher.dispatchBubblingEvent(CompositeEventDispatcher.java:59)
	at com.sun.javafx.event.BasicEventDispatcher.dispatchEvent(BasicEventDispatcher.java:58)
	at com.sun.javafx.event.EventDispatchChainImpl.dispatchEvent(EventDispatchChainImpl.java:114)
	at com.sun.javafx.event.BasicEventDispatcher.dispatchEvent(BasicEventDispatcher.java:56)
	at com.sun.javafx.event.EventDispatchChainImpl.dispatchEvent(EventDispatchChainImpl.java:114)
	at com.sun.javafx.event.BasicEventDispatcher.dispatchEvent(BasicEventDispatcher.java:56)
	at com.sun.javafx.event.EventDispatchChainImpl.dispatchEvent(EventDispatchChainImpl.java:114)
	at com.sun.javafx.event.EventUtil.fireEventImpl(EventUtil.java:74)
	at com.sun.javafx.event.EventUtil.fireEvent(EventUtil.java:49)
	at javafx.event.Event.fireEvent(Event.java:198)
	at javafx.scene.Node.fireEvent(Node.java:8390)
	at javafx.scene.control.Button.fire(Button.java:185)
	at com.sun.javafx.scene.control.skin.ButtonSkin.lambda$new$279(ButtonSkin.java:102)
	at com.sun.javafx.scene.control.skin.ButtonSkin$$Lambda$174/506900819.run(Unknown Source)
	at com.sun.javafx.scene.KeyboardShortcutsHandler.processAccelerators(KeyboardShortcutsHandler.java:347)
	at com.sun.javafx.scene.KeyboardShortcutsHandler.dispatchBubblingEvent(KeyboardShortcutsHandler.java:163)
	at com.sun.javafx.event.CompositeEventDispatcher.dispatchBubblingEvent(CompositeEventDispatcher.java:59)
	at com.sun.javafx.event.BasicEventDispatcher.dispatchEvent(BasicEventDispatcher.java:58)
	at com.sun.javafx.event.EventDispatchChainImpl.dispatchEvent(EventDispatchChainImpl.java:114)
	at com.sun.javafx.event.BasicEventDispatcher.dispatchEvent(BasicEventDispatcher.java:56)
	at com.sun.javafx.event.EventDispatchChainImpl.dispatchEvent(EventDispatchChainImpl.java:114)
	at com.sun.javafx.event.EventUtil.fireEventImpl(EventUtil.java:74)
	at com.sun.javafx.event.EventUtil.fireEvent(EventUtil.java:49)
	at javafx.event.Event.fireEvent(Event.java:198)
	at javafx.scene.Node.fireEvent(Node.java:8390)
	at com.sun.javafx.scene.control.behavior.TextInputControlBehavior.forwardToParent(TextInputControlBehavior.java:432)
	at com.sun.javafx.scene.control.behavior.TextFieldBehavior.fire(TextFieldBehavior.java:183)
	at com.sun.javafx.scene.control.behavior.TextInputControlBehavior.callAction(TextInputControlBehavior.java:178)
	at com.sun.javafx.scene.control.behavior.BehaviorBase.callActionForEvent(BehaviorBase.java:218)
	at com.sun.javafx.scene.control.behavior.TextInputControlBehavior.callActionForEvent(TextInputControlBehavior.java:127)
	at com.sun.javafx.scene.control.behavior.BehaviorBase.lambda$new$75(BehaviorBase.java:135)
	at com.sun.javafx.scene.control.behavior.BehaviorBase$$Lambda$147/459205164.handle(Unknown Source)
	at com.sun.javafx.event.CompositeEventHandler$NormalEventHandlerRecord.handleBubblingEvent(CompositeEventHandler.java:218)
	at com.sun.javafx.event.CompositeEventHandler.dispatchBubblingEvent(CompositeEventHandler.java:80)
	at com.sun.javafx.event.EventHandlerManager.dispatchBubblingEvent(EventHandlerManager.java:238)
	at com.sun.javafx.event.EventHandlerManager.dispatchBubblingEvent(EventHandlerManager.java:191)
	at com.sun.javafx.event.CompositeEventDispatcher.dispatchBubblingEvent(CompositeEventDispatcher.java:59)
	at com.sun.javafx.event.BasicEventDispatcher.dispatchEvent(BasicEventDispatcher.java:58)
	at com.sun.javafx.event.EventDispatchChainImpl.dispatchEvent(EventDispatchChainImpl.java:114)
	at com.sun.javafx.event.BasicEventDispatcher.dispatchEvent(BasicEventDispatcher.java:56)
	at com.sun.javafx.event.EventDispatchChainImpl.dispatchEvent(EventDispatchChainImpl.java:114)
	at com.sun.javafx.event.BasicEventDispatcher.dispatchEvent(BasicEventDispatcher.java:56)
	at com.sun.javafx.event.EventDispatchChainImpl.dispatchEvent(EventDispatchChainImpl.java:114)
	at com.sun.javafx.event.EventUtil.fireEventImpl(EventUtil.java:74)
	at com.sun.javafx.event.EventUtil.fireEvent(EventUtil.java:54)
	at javafx.event.Event.fireEvent(Event.java:198)
	at javafx.scene.Scene$KeyHandler.process(Scene.java:3965)
	at javafx.scene.Scene$KeyHandler.access$1800(Scene.java:3911)
	at javafx.scene.Scene.impl_processKeyEvent(Scene.java:2040)
	at javafx.scene.Scene$ScenePeerListener.keyEvent(Scene.java:2502)
	at com.sun.javafx.tk.quantum.GlassViewEventHandler$KeyEventNotification.run(GlassViewEventHandler.java:197)
	at com.sun.javafx.tk.quantum.GlassViewEventHandler$KeyEventNotification.run(GlassViewEventHandler.java:147)
	at java.security.AccessController.doPrivileged(Native Method)
	at com.sun.javafx.tk.quantum.GlassViewEventHandler.lambda$handleKeyEvent$349(GlassViewEventHandler.java:228)
	at com.sun.javafx.tk.quantum.GlassViewEventHandler$$Lambda$207/388348248.get(Unknown Source)
	at com.sun.javafx.tk.quantum.QuantumToolkit.runWithoutRenderLock(QuantumToolkit.java:404)
	at com.sun.javafx.tk.quantum.GlassViewEventHandler.handleKeyEvent(GlassViewEventHandler.java:227)
	at com.sun.glass.ui.View.handleKeyEvent(View.java:546)
	at com.sun.glass.ui.View.notifyKey(View.java:956)
	at com.sun.glass.ui.gtk.GtkApplication._runLoop(Native Method)
	at com.sun.glass.ui.gtk.GtkApplication.lambda$null$48(GtkApplication.java:139)
	at com.sun.glass.ui.gtk.GtkApplication$$Lambda$41/97730845.run(Unknown Source)
	at java.lang.Thread.run(Thread.java:745)
Caused by: java.net.ConnectException: Connection refused
	at java.net.PlainSocketImpl.socketConnect(Native Method)
	at java.net.AbstractPlainSocketImpl.doConnect(AbstractPlainSocketImpl.java:345)
	at java.net.AbstractPlainSocketImpl.connectToAddress(AbstractPlainSocketImpl.java:206)
	at java.net.AbstractPlainSocketImpl.connect(AbstractPlainSocketImpl.java:188)
	at java.net.SocksSocketImpl.connect(SocksSocketImpl.java:392)
	at java.net.Socket.connect(Socket.java:589)
	at java.net.Socket.connect(Socket.java:538)
	at sun.net.NetworkClient.doConnect(NetworkClient.java:180)
	at sun.net.www.http.HttpClient.openServer(HttpClient.java:432)
	at sun.net.www.http.HttpClient.openServer(HttpClient.java:527)
	at sun.net.www.http.HttpClient.<init>(HttpClient.java:211)
	at sun.net.www.http.HttpClient.New(HttpClient.java:308)
	at sun.net.www.http.HttpClient.New(HttpClient.java:326)
	at sun.net.www.protocol.http.HttpURLConnection.getNewHttpClient(HttpURLConnection.java:1168)
	at sun.net.www.protocol.http.HttpURLConnection.plainConnect0(HttpURLConnection.java:1104)
	at sun.net.www.protocol.http.HttpURLConnection.plainConnect(HttpURLConnection.java:998)
	at sun.net.www.protocol.http.HttpURLConnection.connect(HttpURLConnection.java:932)
	at sun.net.www.protocol.http.HttpURLConnection.getInputStream0(HttpURLConnection.java:1512)
	at sun.net.www.protocol.http.HttpURLConnection.getInputStream(HttpURLConnection.java:1440)
	at java.net.HttpURLConnection.getResponseCode(HttpURLConnection.java:480)
	at com.sun.jersey.client.urlconnection.URLConnectionClientHandler._invoke(URLConnectionClientHandler.java:240)
	at com.sun.jersey.client.urlconnection.URLConnectionClientHandler.handle(URLConnectionClientHandler.java:147)
	... 85 more
----------------------------------------------------------
Milisegundos desde o ínicio do programa: 52 
Classe: br.net.eia.ui.emitente.RestEmitenteManager 
Data: 11/08/2015 
Hora: 08:51:29 
Local: br.net.eia.ui.emitente.RestEmitenteManager.carregar(RestEmitenteManager.java:100) 
Mensagem: Erro ao Carregar o Emitente 
java.lang.NullPointerException
	at com.sun.jersey.api.client.Client.handle(Client.java:650)
	at com.sun.jersey.api.client.WebResource.handle(WebResource.java:670)
	at com.sun.jersey.api.client.WebResource.access$200(WebResource.java:74)
	at com.sun.jersey.api.client.WebResource$Builder.get(WebResource.java:503)
	at br.net.eia.ui.emitente.RestEmitenteManager.carregar(RestEmitenteManager.java:91)
	at br.net.eia.ui.MainApp.userLogging(MainApp.java:78)
	at br.net.eia.ui.login.LoginController.processLogin(LoginController.java:65)
	at sun.reflect.NativeMethodAccessorImpl.invoke0(Native Method)
	at sun.reflect.NativeMethodAccessorImpl.invoke(NativeMethodAccessorImpl.java:62)
	at sun.reflect.DelegatingMethodAccessorImpl.invoke(DelegatingMethodAccessorImpl.java:43)
	at java.lang.reflect.Method.invoke(Method.java:497)
	at sun.reflect.misc.Trampoline.invoke(MethodUtil.java:71)
	at sun.reflect.GeneratedMethodAccessor1.invoke(Unknown Source)
	at sun.reflect.DelegatingMethodAccessorImpl.invoke(DelegatingMethodAccessorImpl.java:43)
	at java.lang.reflect.Method.invoke(Method.java:497)
	at sun.reflect.misc.MethodUtil.invoke(MethodUtil.java:275)
	at javafx.fxml.FXMLLoader$MethodHandler.invoke(FXMLLoader.java:1765)
	at javafx.fxml.FXMLLoader$ControllerMethodEventHandler.handle(FXMLLoader.java:1653)
	at com.sun.javafx.event.CompositeEventHandler.dispatchBubblingEvent(CompositeEventHandler.java:86)
	at com.sun.javafx.event.EventHandlerManager.dispatchBubblingEvent(EventHandlerManager.java:238)
	at com.sun.javafx.event.EventHandlerManager.dispatchBubblingEvent(EventHandlerManager.java:191)
	at com.sun.javafx.event.CompositeEventDispatcher.dispatchBubblingEvent(CompositeEventDispatcher.java:59)
	at com.sun.javafx.event.BasicEventDispatcher.dispatchEvent(BasicEventDispatcher.java:58)
	at com.sun.javafx.event.EventDispatchChainImpl.dispatchEvent(EventDispatchChainImpl.java:114)
	at com.sun.javafx.event.BasicEventDispatcher.dispatchEvent(BasicEventDispatcher.java:56)
	at com.sun.javafx.event.EventDispatchChainImpl.dispatchEvent(EventDispatchChainImpl.java:114)
	at com.sun.javafx.event.BasicEventDispatcher.dispatchEvent(BasicEventDispatcher.java:56)
	at com.sun.javafx.event.EventDispatchChainImpl.dispatchEvent(EventDispatchChainImpl.java:114)
	at com.sun.javafx.event.EventUtil.fireEventImpl(EventUtil.java:74)
	at com.sun.javafx.event.EventUtil.fireEvent(EventUtil.java:49)
	at javafx.event.Event.fireEvent(Event.java:198)
	at javafx.scene.Node.fireEvent(Node.java:8390)
	at javafx.scene.control.Button.fire(Button.java:185)
	at com.sun.javafx.scene.control.skin.ButtonSkin.lambda$new$279(ButtonSkin.java:102)
	at com.sun.javafx.scene.control.skin.ButtonSkin$$Lambda$174/506900819.run(Unknown Source)
	at com.sun.javafx.scene.KeyboardShortcutsHandler.processAccelerators(KeyboardShortcutsHandler.java:347)
	at com.sun.javafx.scene.KeyboardShortcutsHandler.dispatchBubblingEvent(KeyboardShortcutsHandler.java:163)
	at com.sun.javafx.event.CompositeEventDispatcher.dispatchBubblingEvent(CompositeEventDispatcher.java:59)
	at com.sun.javafx.event.BasicEventDispatcher.dispatchEvent(BasicEventDispatcher.java:58)
	at com.sun.javafx.event.EventDispatchChainImpl.dispatchEvent(EventDispatchChainImpl.java:114)
	at com.sun.javafx.event.BasicEventDispatcher.dispatchEvent(BasicEventDispatcher.java:56)
	at com.sun.javafx.event.EventDispatchChainImpl.dispatchEvent(EventDispatchChainImpl.java:114)
	at com.sun.javafx.event.EventUtil.fireEventImpl(EventUtil.java:74)
	at com.sun.javafx.event.EventUtil.fireEvent(EventUtil.java:49)
	at javafx.event.Event.fireEvent(Event.java:198)
	at javafx.scene.Node.fireEvent(Node.java:8390)
	at com.sun.javafx.scene.control.behavior.TextInputControlBehavior.forwardToParent(TextInputControlBehavior.java:432)
	at com.sun.javafx.scene.control.behavior.TextFieldBehavior.fire(TextFieldBehavior.java:183)
	at com.sun.javafx.scene.control.behavior.TextInputControlBehavior.callAction(TextInputControlBehavior.java:178)
	at com.sun.javafx.scene.control.behavior.BehaviorBase.callActionForEvent(BehaviorBase.java:218)
	at com.sun.javafx.scene.control.behavior.TextInputControlBehavior.callActionForEvent(TextInputControlBehavior.java:127)
	at com.sun.javafx.scene.control.behavior.BehaviorBase.lambda$new$75(BehaviorBase.java:135)
	at com.sun.javafx.scene.control.behavior.BehaviorBase$$Lambda$147/459205164.handle(Unknown Source)
	at com.sun.javafx.event.CompositeEventHandler$NormalEventHandlerRecord.handleBubblingEvent(CompositeEventHandler.java:218)
	at com.sun.javafx.event.CompositeEventHandler.dispatchBubblingEvent(CompositeEventHandler.java:80)
	at com.sun.javafx.event.EventHandlerManager.dispatchBubblingEvent(EventHandlerManager.java:238)
	at com.sun.javafx.event.EventHandlerManager.dispatchBubblingEvent(EventHandlerManager.java:191)
	at com.sun.javafx.event.CompositeEventDispatcher.dispatchBubblingEvent(CompositeEventDispatcher.java:59)
	at com.sun.javafx.event.BasicEventDispatcher.dispatchEvent(BasicEventDispatcher.java:58)
	at com.sun.javafx.event.EventDispatchChainImpl.dispatchEvent(EventDispatchChainImpl.java:114)
	at com.sun.javafx.event.BasicEventDispatcher.dispatchEvent(BasicEventDispatcher.java:56)
	at com.sun.javafx.event.EventDispatchChainImpl.dispatchEvent(EventDispatchChainImpl.java:114)
	at com.sun.javafx.event.BasicEventDispatcher.dispatchEvent(BasicEventDispatcher.java:56)
	at com.sun.javafx.event.EventDispatchChainImpl.dispatchEvent(EventDispatchChainImpl.java:114)
	at com.sun.javafx.event.EventUtil.fireEventImpl(EventUtil.java:74)
	at com.sun.javafx.event.EventUtil.fireEvent(EventUtil.java:54)
	at javafx.event.Event.fireEvent(Event.java:198)
	at javafx.scene.Scene$KeyHandler.process(Scene.java:3965)
	at javafx.scene.Scene$KeyHandler.access$1800(Scene.java:3911)
	at javafx.scene.Scene.impl_processKeyEvent(Scene.java:2040)
	at javafx.scene.Scene$ScenePeerListener.keyEvent(Scene.java:2502)
	at com.sun.javafx.tk.quantum.GlassViewEventHandler$KeyEventNotification.run(GlassViewEventHandler.java:197)
	at com.sun.javafx.tk.quantum.GlassViewEventHandler$KeyEventNotification.run(GlassViewEventHandler.java:147)
	at java.security.AccessController.doPrivileged(Native Method)
	at com.sun.javafx.tk.quantum.GlassViewEventHandler.lambda$handleKeyEvent$349(GlassViewEventHandler.java:228)
	at com.sun.javafx.tk.quantum.GlassViewEventHandler$$Lambda$207/388348248.get(Unknown Source)
	at com.sun.javafx.tk.quantum.QuantumToolkit.runWithoutRenderLock(QuantumToolkit.java:404)
	at com.sun.javafx.tk.quantum.GlassViewEventHandler.handleKeyEvent(GlassViewEventHandler.java:227)
	at com.sun.glass.ui.View.handleKeyEvent(View.java:546)
	at com.sun.glass.ui.View.notifyKey(View.java:956)
	at com.sun.glass.ui.gtk.GtkApplication._runLoop(Native Method)
	at com.sun.glass.ui.gtk.GtkApplication.lambda$null$48(GtkApplication.java:139)
	at com.sun.glass.ui.gtk.GtkApplication$$Lambda$41/97730845.run(Unknown Source)
	at java.lang.Thread.run(Thread.java:745)
----------------------------------------------------------
Milisegundos desde o ínicio do programa: 1 
Classe: br.net.eia.ui.emitente.RestEmitenteManager 
Data: 11/08/2015 
Hora: 09:15:04 
Local: br.net.eia.ui.emitente.RestEmitenteManager.carregar(RestEmitenteManager.java:100) 
Mensagem: Erro ao Carregar o Emitente 
com.sun.jersey.api.client.ClientHandlerException: A message body reader for Java class br.net.eia.emitente.Emitente, and Java type class br.net.eia.emitente.Emitente, and MIME media type text/html; charset=utf-8 was not found
	at com.sun.jersey.api.client.ClientResponse.getEntity(ClientResponse.java:549)
	at com.sun.jersey.api.client.ClientResponse.getEntity(ClientResponse.java:506)
	at br.net.eia.ui.emitente.RestEmitenteManager.carregar(RestEmitenteManager.java:98)
	at br.net.eia.ui.MainApp.userLogging(MainApp.java:78)
	at br.net.eia.ui.login.LoginController.processLogin(LoginController.java:65)
	at sun.reflect.NativeMethodAccessorImpl.invoke0(Native Method)
	at sun.reflect.NativeMethodAccessorImpl.invoke(NativeMethodAccessorImpl.java:62)
	at sun.reflect.DelegatingMethodAccessorImpl.invoke(DelegatingMethodAccessorImpl.java:43)
	at java.lang.reflect.Method.invoke(Method.java:497)
	at sun.reflect.misc.Trampoline.invoke(MethodUtil.java:71)
	at sun.reflect.GeneratedMethodAccessor1.invoke(Unknown Source)
	at sun.reflect.DelegatingMethodAccessorImpl.invoke(DelegatingMethodAccessorImpl.java:43)
	at java.lang.reflect.Method.invoke(Method.java:497)
	at sun.reflect.misc.MethodUtil.invoke(MethodUtil.java:275)
	at javafx.fxml.FXMLLoader$MethodHandler.invoke(FXMLLoader.java:1765)
	at javafx.fxml.FXMLLoader$ControllerMethodEventHandler.handle(FXMLLoader.java:1653)
	at com.sun.javafx.event.CompositeEventHandler.dispatchBubblingEvent(CompositeEventHandler.java:86)
	at com.sun.javafx.event.EventHandlerManager.dispatchBubblingEvent(EventHandlerManager.java:238)
	at com.sun.javafx.event.EventHandlerManager.dispatchBubblingEvent(EventHandlerManager.java:191)
	at com.sun.javafx.event.CompositeEventDispatcher.dispatchBubblingEvent(CompositeEventDispatcher.java:59)
	at com.sun.javafx.event.BasicEventDispatcher.dispatchEvent(BasicEventDispatcher.java:58)
	at com.sun.javafx.event.EventDispatchChainImpl.dispatchEvent(EventDispatchChainImpl.java:114)
	at com.sun.javafx.event.BasicEventDispatcher.dispatchEvent(BasicEventDispatcher.java:56)
	at com.sun.javafx.event.EventDispatchChainImpl.dispatchEvent(EventDispatchChainImpl.java:114)
	at com.sun.javafx.event.BasicEventDispatcher.dispatchEvent(BasicEventDispatcher.java:56)
	at com.sun.javafx.event.EventDispatchChainImpl.dispatchEvent(EventDispatchChainImpl.java:114)
	at com.sun.javafx.event.EventUtil.fireEventImpl(EventUtil.java:74)
	at com.sun.javafx.event.EventUtil.fireEvent(EventUtil.java:49)
	at javafx.event.Event.fireEvent(Event.java:198)
	at javafx.scene.Node.fireEvent(Node.java:8390)
	at javafx.scene.control.Button.fire(Button.java:185)
	at com.sun.javafx.scene.control.behavior.ButtonBehavior.mouseReleased(ButtonBehavior.java:182)
	at com.sun.javafx.scene.control.skin.BehaviorSkinBase$1.handle(BehaviorSkinBase.java:96)
	at com.sun.javafx.scene.control.skin.BehaviorSkinBase$1.handle(BehaviorSkinBase.java:89)
	at com.sun.javafx.event.CompositeEventHandler$NormalEventHandlerRecord.handleBubblingEvent(CompositeEventHandler.java:218)
	at com.sun.javafx.event.CompositeEventHandler.dispatchBubblingEvent(CompositeEventHandler.java:80)
	at com.sun.javafx.event.EventHandlerManager.dispatchBubblingEvent(EventHandlerManager.java:238)
	at com.sun.javafx.event.EventHandlerManager.dispatchBubblingEvent(EventHandlerManager.java:191)
	at com.sun.javafx.event.CompositeEventDispatcher.dispatchBubblingEvent(CompositeEventDispatcher.java:59)
	at com.sun.javafx.event.BasicEventDispatcher.dispatchEvent(BasicEventDispatcher.java:58)
	at com.sun.javafx.event.EventDispatchChainImpl.dispatchEvent(EventDispatchChainImpl.java:114)
	at com.sun.javafx.event.BasicEventDispatcher.dispatchEvent(BasicEventDispatcher.java:56)
	at com.sun.javafx.event.EventDispatchChainImpl.dispatchEvent(EventDispatchChainImpl.java:114)
	at com.sun.javafx.event.BasicEventDispatcher.dispatchEvent(BasicEventDispatcher.java:56)
	at com.sun.javafx.event.EventDispatchChainImpl.dispatchEvent(EventDispatchChainImpl.java:114)
	at com.sun.javafx.event.EventUtil.fireEventImpl(EventUtil.java:74)
	at com.sun.javafx.event.EventUtil.fireEvent(EventUtil.java:54)
	at javafx.event.Event.fireEvent(Event.java:198)
	at javafx.scene.Scene$MouseHandler.process(Scene.java:3758)
	at javafx.scene.Scene$MouseHandler.access$1500(Scene.java:3486)
	at javafx.scene.Scene.impl_processMouseEvent(Scene.java:1762)
	at javafx.scene.Scene$ScenePeerListener.mouseEvent(Scene.java:2495)
	at com.sun.javafx.tk.quantum.GlassViewEventHandler$MouseEventNotification.run(GlassViewEventHandler.java:350)
	at com.sun.javafx.tk.quantum.GlassViewEventHandler$MouseEventNotification.run(GlassViewEventHandler.java:275)
	at java.security.AccessController.doPrivileged(Native Method)
	at com.sun.javafx.tk.quantum.GlassViewEventHandler.lambda$handleMouseEvent$350(GlassViewEventHandler.java:385)
	at com.sun.javafx.tk.quantum.GlassViewEventHandler$$Lambda$179/942754785.get(Unknown Source)
	at com.sun.javafx.tk.quantum.QuantumToolkit.runWithoutRenderLock(QuantumToolkit.java:404)
	at com.sun.javafx.tk.quantum.GlassViewEventHandler.handleMouseEvent(GlassViewEventHandler.java:384)
	at com.sun.glass.ui.View.handleMouseEvent(View.java:555)
	at com.sun.glass.ui.View.notifyMouse(View.java:927)
	at com.sun.glass.ui.gtk.GtkApplication._runLoop(Native Method)
	at com.sun.glass.ui.gtk.GtkApplication.lambda$null$48(GtkApplication.java:139)
	at com.sun.glass.ui.gtk.GtkApplication$$Lambda$41/97730845.run(Unknown Source)
	at java.lang.Thread.run(Thread.java:745)
----------------------------------------------------------
Milisegundos desde o ínicio do programa: 0 
Classe: br.net.eia.ui.emitente.RestEmitenteManager 
Data: 13/08/2015 
Hora: 09:50:12 
Local: br.net.eia.ui.BaseClientService$1.handle(BaseClientService.java:55) 
Mensagem: java.net.ConnectException: Connection timed out 
com.sun.jersey.api.client.ClientHandlerException: java.net.ConnectException: Connection timed out
	at com.sun.jersey.client.urlconnection.URLConnectionClientHandler.handle(URLConnectionClientHandler.java:149)
	at br.net.eia.ui.BaseClientService$1.handle(BaseClientService.java:53)
	at com.sun.jersey.api.client.Client.handle(Client.java:648)
	at com.sun.jersey.api.client.WebResource.handle(WebResource.java:670)
	at com.sun.jersey.api.client.WebResource.access$200(WebResource.java:74)
	at com.sun.jersey.api.client.WebResource$Builder.get(WebResource.java:503)
	at br.net.eia.ui.emitente.RestEmitenteManager.carregar(RestEmitenteManager.java:91)
	at br.net.eia.ui.MainApp.userLogging(MainApp.java:78)
	at br.net.eia.ui.login.LoginController.processLogin(LoginController.java:65)
	at sun.reflect.NativeMethodAccessorImpl.invoke0(Native Method)
	at sun.reflect.NativeMethodAccessorImpl.invoke(NativeMethodAccessorImpl.java:62)
	at sun.reflect.DelegatingMethodAccessorImpl.invoke(DelegatingMethodAccessorImpl.java:43)
	at java.lang.reflect.Method.invoke(Method.java:497)
	at sun.reflect.misc.Trampoline.invoke(MethodUtil.java:71)
	at sun.reflect.GeneratedMethodAccessor1.invoke(Unknown Source)
	at sun.reflect.DelegatingMethodAccessorImpl.invoke(DelegatingMethodAccessorImpl.java:43)
	at java.lang.reflect.Method.invoke(Method.java:497)
	at sun.reflect.misc.MethodUtil.invoke(MethodUtil.java:275)
	at javafx.fxml.FXMLLoader$MethodHandler.invoke(FXMLLoader.java:1765)
	at javafx.fxml.FXMLLoader$ControllerMethodEventHandler.handle(FXMLLoader.java:1653)
	at com.sun.javafx.event.CompositeEventHandler.dispatchBubblingEvent(CompositeEventHandler.java:86)
	at com.sun.javafx.event.EventHandlerManager.dispatchBubblingEvent(EventHandlerManager.java:238)
	at com.sun.javafx.event.EventHandlerManager.dispatchBubblingEvent(EventHandlerManager.java:191)
	at com.sun.javafx.event.CompositeEventDispatcher.dispatchBubblingEvent(CompositeEventDispatcher.java:59)
	at com.sun.javafx.event.BasicEventDispatcher.dispatchEvent(BasicEventDispatcher.java:58)
	at com.sun.javafx.event.EventDispatchChainImpl.dispatchEvent(EventDispatchChainImpl.java:114)
	at com.sun.javafx.event.BasicEventDispatcher.dispatchEvent(BasicEventDispatcher.java:56)
	at com.sun.javafx.event.EventDispatchChainImpl.dispatchEvent(EventDispatchChainImpl.java:114)
	at com.sun.javafx.event.BasicEventDispatcher.dispatchEvent(BasicEventDispatcher.java:56)
	at com.sun.javafx.event.EventDispatchChainImpl.dispatchEvent(EventDispatchChainImpl.java:114)
	at com.sun.javafx.event.EventUtil.fireEventImpl(EventUtil.java:74)
	at com.sun.javafx.event.EventUtil.fireEvent(EventUtil.java:49)
	at javafx.event.Event.fireEvent(Event.java:198)
	at javafx.scene.Node.fireEvent(Node.java:8390)
	at javafx.scene.control.Button.fire(Button.java:185)
	at com.sun.javafx.scene.control.skin.ButtonSkin.lambda$new$279(ButtonSkin.java:102)
	at com.sun.javafx.scene.control.skin.ButtonSkin$$Lambda$174/1913115224.run(Unknown Source)
	at com.sun.javafx.scene.KeyboardShortcutsHandler.processAccelerators(KeyboardShortcutsHandler.java:347)
	at com.sun.javafx.scene.KeyboardShortcutsHandler.dispatchBubblingEvent(KeyboardShortcutsHandler.java:163)
	at com.sun.javafx.event.CompositeEventDispatcher.dispatchBubblingEvent(CompositeEventDispatcher.java:59)
	at com.sun.javafx.event.BasicEventDispatcher.dispatchEvent(BasicEventDispatcher.java:58)
	at com.sun.javafx.event.EventDispatchChainImpl.dispatchEvent(EventDispatchChainImpl.java:114)
	at com.sun.javafx.event.BasicEventDispatcher.dispatchEvent(BasicEventDispatcher.java:56)
	at com.sun.javafx.event.EventDispatchChainImpl.dispatchEvent(EventDispatchChainImpl.java:114)
	at com.sun.javafx.event.EventUtil.fireEventImpl(EventUtil.java:74)
	at com.sun.javafx.event.EventUtil.fireEvent(EventUtil.java:49)
	at javafx.event.Event.fireEvent(Event.java:198)
	at javafx.scene.Node.fireEvent(Node.java:8390)
	at com.sun.javafx.scene.control.behavior.TextInputControlBehavior.forwardToParent(TextInputControlBehavior.java:432)
	at com.sun.javafx.scene.control.behavior.TextFieldBehavior.fire(TextFieldBehavior.java:183)
	at com.sun.javafx.scene.control.behavior.TextInputControlBehavior.callAction(TextInputControlBehavior.java:178)
	at com.sun.javafx.scene.control.behavior.BehaviorBase.callActionForEvent(BehaviorBase.java:218)
	at com.sun.javafx.scene.control.behavior.TextInputControlBehavior.callActionForEvent(TextInputControlBehavior.java:127)
	at com.sun.javafx.scene.control.behavior.BehaviorBase.lambda$new$75(BehaviorBase.java:135)
	at com.sun.javafx.scene.control.behavior.BehaviorBase$$Lambda$147/700843981.handle(Unknown Source)
	at com.sun.javafx.event.CompositeEventHandler$NormalEventHandlerRecord.handleBubblingEvent(CompositeEventHandler.java:218)
	at com.sun.javafx.event.CompositeEventHandler.dispatchBubblingEvent(CompositeEventHandler.java:80)
	at com.sun.javafx.event.EventHandlerManager.dispatchBubblingEvent(EventHandlerManager.java:238)
	at com.sun.javafx.event.EventHandlerManager.dispatchBubblingEvent(EventHandlerManager.java:191)
	at com.sun.javafx.event.CompositeEventDispatcher.dispatchBubblingEvent(CompositeEventDispatcher.java:59)
	at com.sun.javafx.event.BasicEventDispatcher.dispatchEvent(BasicEventDispatcher.java:58)
	at com.sun.javafx.event.EventDispatchChainImpl.dispatchEvent(EventDispatchChainImpl.java:114)
	at com.sun.javafx.event.BasicEventDispatcher.dispatchEvent(BasicEventDispatcher.java:56)
	at com.sun.javafx.event.EventDispatchChainImpl.dispatchEvent(EventDispatchChainImpl.java:114)
	at com.sun.javafx.event.BasicEventDispatcher.dispatchEvent(BasicEventDispatcher.java:56)
	at com.sun.javafx.event.EventDispatchChainImpl.dispatchEvent(EventDispatchChainImpl.java:114)
	at com.sun.javafx.event.EventUtil.fireEventImpl(EventUtil.java:74)
	at com.sun.javafx.event.EventUtil.fireEvent(EventUtil.java:54)
	at javafx.event.Event.fireEvent(Event.java:198)
	at javafx.scene.Scene$KeyHandler.process(Scene.java:3965)
	at javafx.scene.Scene$KeyHandler.access$1800(Scene.java:3911)
	at javafx.scene.Scene.impl_processKeyEvent(Scene.java:2040)
	at javafx.scene.Scene$ScenePeerListener.keyEvent(Scene.java:2502)
	at com.sun.javafx.tk.quantum.GlassViewEventHandler$KeyEventNotification.run(GlassViewEventHandler.java:197)
	at com.sun.javafx.tk.quantum.GlassViewEventHandler$KeyEventNotification.run(GlassViewEventHandler.java:147)
	at java.security.AccessController.doPrivileged(Native Method)
	at com.sun.javafx.tk.quantum.GlassViewEventHandler.lambda$handleKeyEvent$349(GlassViewEventHandler.java:228)
	at com.sun.javafx.tk.quantum.GlassViewEventHandler$$Lambda$207/1437238727.get(Unknown Source)
	at com.sun.javafx.tk.quantum.QuantumToolkit.runWithoutRenderLock(QuantumToolkit.java:404)
	at com.sun.javafx.tk.quantum.GlassViewEventHandler.handleKeyEvent(GlassViewEventHandler.java:227)
	at com.sun.glass.ui.View.handleKeyEvent(View.java:546)
	at com.sun.glass.ui.View.notifyKey(View.java:956)
	at com.sun.glass.ui.gtk.GtkApplication._runLoop(Native Method)
	at com.sun.glass.ui.gtk.GtkApplication.lambda$null$48(GtkApplication.java:139)
	at com.sun.glass.ui.gtk.GtkApplication$$Lambda$41/97730845.run(Unknown Source)
	at java.lang.Thread.run(Thread.java:745)
Caused by: java.net.ConnectException: Connection timed out
	at java.net.PlainSocketImpl.socketConnect(Native Method)
	at java.net.AbstractPlainSocketImpl.doConnect(AbstractPlainSocketImpl.java:345)
	at java.net.AbstractPlainSocketImpl.connectToAddress(AbstractPlainSocketImpl.java:206)
	at java.net.AbstractPlainSocketImpl.connect(AbstractPlainSocketImpl.java:188)
	at java.net.SocksSocketImpl.connect(SocksSocketImpl.java:392)
	at java.net.Socket.connect(Socket.java:589)
	at java.net.Socket.connect(Socket.java:538)
	at sun.net.NetworkClient.doConnect(NetworkClient.java:180)
	at sun.net.www.http.HttpClient.openServer(HttpClient.java:432)
	at sun.net.www.http.HttpClient.openServer(HttpClient.java:527)
	at sun.net.www.http.HttpClient.<init>(HttpClient.java:211)
	at sun.net.www.http.HttpClient.New(HttpClient.java:308)
	at sun.net.www.http.HttpClient.New(HttpClient.java:326)
	at sun.net.www.protocol.http.HttpURLConnection.getNewHttpClient(HttpURLConnection.java:1168)
	at sun.net.www.protocol.http.HttpURLConnection.plainConnect0(HttpURLConnection.java:1104)
	at sun.net.www.protocol.http.HttpURLConnection.plainConnect(HttpURLConnection.java:998)
	at sun.net.www.protocol.http.HttpURLConnection.connect(HttpURLConnection.java:932)
	at sun.net.www.protocol.http.HttpURLConnection.getInputStream0(HttpURLConnection.java:1512)
	at sun.net.www.protocol.http.HttpURLConnection.getInputStream(HttpURLConnection.java:1440)
	at java.net.HttpURLConnection.getResponseCode(HttpURLConnection.java:480)
	at com.sun.jersey.client.urlconnection.URLConnectionClientHandler._invoke(URLConnectionClientHandler.java:240)
	at com.sun.jersey.client.urlconnection.URLConnectionClientHandler.handle(URLConnectionClientHandler.java:147)
	... 85 more
----------------------------------------------------------
Milisegundos desde o ínicio do programa: 48 
Classe: br.net.eia.ui.emitente.RestEmitenteManager 
Data: 13/08/2015 
Hora: 09:50:12 
Local: br.net.eia.ui.emitente.RestEmitenteManager.carregar(RestEmitenteManager.java:100) 
Mensagem: Erro ao Carregar o Emitente 
java.lang.NullPointerException
	at com.sun.jersey.api.client.Client.handle(Client.java:650)
	at com.sun.jersey.api.client.WebResource.handle(WebResource.java:670)
	at com.sun.jersey.api.client.WebResource.access$200(WebResource.java:74)
	at com.sun.jersey.api.client.WebResource$Builder.get(WebResource.java:503)
	at br.net.eia.ui.emitente.RestEmitenteManager.carregar(RestEmitenteManager.java:91)
	at br.net.eia.ui.MainApp.userLogging(MainApp.java:78)
	at br.net.eia.ui.login.LoginController.processLogin(LoginController.java:65)
	at sun.reflect.NativeMethodAccessorImpl.invoke0(Native Method)
	at sun.reflect.NativeMethodAccessorImpl.invoke(NativeMethodAccessorImpl.java:62)
	at sun.reflect.DelegatingMethodAccessorImpl.invoke(DelegatingMethodAccessorImpl.java:43)
	at java.lang.reflect.Method.invoke(Method.java:497)
	at sun.reflect.misc.Trampoline.invoke(MethodUtil.java:71)
	at sun.reflect.GeneratedMethodAccessor1.invoke(Unknown Source)
	at sun.reflect.DelegatingMethodAccessorImpl.invoke(DelegatingMethodAccessorImpl.java:43)
	at java.lang.reflect.Method.invoke(Method.java:497)
	at sun.reflect.misc.MethodUtil.invoke(MethodUtil.java:275)
	at javafx.fxml.FXMLLoader$MethodHandler.invoke(FXMLLoader.java:1765)
	at javafx.fxml.FXMLLoader$ControllerMethodEventHandler.handle(FXMLLoader.java:1653)
	at com.sun.javafx.event.CompositeEventHandler.dispatchBubblingEvent(CompositeEventHandler.java:86)
	at com.sun.javafx.event.EventHandlerManager.dispatchBubblingEvent(EventHandlerManager.java:238)
	at com.sun.javafx.event.EventHandlerManager.dispatchBubblingEvent(EventHandlerManager.java:191)
	at com.sun.javafx.event.CompositeEventDispatcher.dispatchBubblingEvent(CompositeEventDispatcher.java:59)
	at com.sun.javafx.event.BasicEventDispatcher.dispatchEvent(BasicEventDispatcher.java:58)
	at com.sun.javafx.event.EventDispatchChainImpl.dispatchEvent(EventDispatchChainImpl.java:114)
	at com.sun.javafx.event.BasicEventDispatcher.dispatchEvent(BasicEventDispatcher.java:56)
	at com.sun.javafx.event.EventDispatchChainImpl.dispatchEvent(EventDispatchChainImpl.java:114)
	at com.sun.javafx.event.BasicEventDispatcher.dispatchEvent(BasicEventDispatcher.java:56)
	at com.sun.javafx.event.EventDispatchChainImpl.dispatchEvent(EventDispatchChainImpl.java:114)
	at com.sun.javafx.event.EventUtil.fireEventImpl(EventUtil.java:74)
	at com.sun.javafx.event.EventUtil.fireEvent(EventUtil.java:49)
	at javafx.event.Event.fireEvent(Event.java:198)
	at javafx.scene.Node.fireEvent(Node.java:8390)
	at javafx.scene.control.Button.fire(Button.java:185)
	at com.sun.javafx.scene.control.skin.ButtonSkin.lambda$new$279(ButtonSkin.java:102)
	at com.sun.javafx.scene.control.skin.ButtonSkin$$Lambda$174/1913115224.run(Unknown Source)
	at com.sun.javafx.scene.KeyboardShortcutsHandler.processAccelerators(KeyboardShortcutsHandler.java:347)
	at com.sun.javafx.scene.KeyboardShortcutsHandler.dispatchBubblingEvent(KeyboardShortcutsHandler.java:163)
	at com.sun.javafx.event.CompositeEventDispatcher.dispatchBubblingEvent(CompositeEventDispatcher.java:59)
	at com.sun.javafx.event.BasicEventDispatcher.dispatchEvent(BasicEventDispatcher.java:58)
	at com.sun.javafx.event.EventDispatchChainImpl.dispatchEvent(EventDispatchChainImpl.java:114)
	at com.sun.javafx.event.BasicEventDispatcher.dispatchEvent(BasicEventDispatcher.java:56)
	at com.sun.javafx.event.EventDispatchChainImpl.dispatchEvent(EventDispatchChainImpl.java:114)
	at com.sun.javafx.event.EventUtil.fireEventImpl(EventUtil.java:74)
	at com.sun.javafx.event.EventUtil.fireEvent(EventUtil.java:49)
	at javafx.event.Event.fireEvent(Event.java:198)
	at javafx.scene.Node.fireEvent(Node.java:8390)
	at com.sun.javafx.scene.control.behavior.TextInputControlBehavior.forwardToParent(TextInputControlBehavior.java:432)
	at com.sun.javafx.scene.control.behavior.TextFieldBehavior.fire(TextFieldBehavior.java:183)
	at com.sun.javafx.scene.control.behavior.TextInputControlBehavior.callAction(TextInputControlBehavior.java:178)
	at com.sun.javafx.scene.control.behavior.BehaviorBase.callActionForEvent(BehaviorBase.java:218)
	at com.sun.javafx.scene.control.behavior.TextInputControlBehavior.callActionForEvent(TextInputControlBehavior.java:127)
	at com.sun.javafx.scene.control.behavior.BehaviorBase.lambda$new$75(BehaviorBase.java:135)
	at com.sun.javafx.scene.control.behavior.BehaviorBase$$Lambda$147/700843981.handle(Unknown Source)
	at com.sun.javafx.event.CompositeEventHandler$NormalEventHandlerRecord.handleBubblingEvent(CompositeEventHandler.java:218)
	at com.sun.javafx.event.CompositeEventHandler.dispatchBubblingEvent(CompositeEventHandler.java:80)
	at com.sun.javafx.event.EventHandlerManager.dispatchBubblingEvent(EventHandlerManager.java:238)
	at com.sun.javafx.event.EventHandlerManager.dispatchBubblingEvent(EventHandlerManager.java:191)
	at com.sun.javafx.event.CompositeEventDispatcher.dispatchBubblingEvent(CompositeEventDispatcher.java:59)
	at com.sun.javafx.event.BasicEventDispatcher.dispatchEvent(BasicEventDispatcher.java:58)
	at com.sun.javafx.event.EventDispatchChainImpl.dispatchEvent(EventDispatchChainImpl.java:114)
	at com.sun.javafx.event.BasicEventDispatcher.dispatchEvent(BasicEventDispatcher.java:56)
	at com.sun.javafx.event.EventDispatchChainImpl.dispatchEvent(EventDispatchChainImpl.java:114)
	at com.sun.javafx.event.BasicEventDispatcher.dispatchEvent(BasicEventDispatcher.java:56)
	at com.sun.javafx.event.EventDispatchChainImpl.dispatchEvent(EventDispatchChainImpl.java:114)
	at com.sun.javafx.event.EventUtil.fireEventImpl(EventUtil.java:74)
	at com.sun.javafx.event.EventUtil.fireEvent(EventUtil.java:54)
	at javafx.event.Event.fireEvent(Event.java:198)
	at javafx.scene.Scene$KeyHandler.process(Scene.java:3965)
	at javafx.scene.Scene$KeyHandler.access$1800(Scene.java:3911)
	at javafx.scene.Scene.impl_processKeyEvent(Scene.java:2040)
	at javafx.scene.Scene$ScenePeerListener.keyEvent(Scene.java:2502)
	at com.sun.javafx.tk.quantum.GlassViewEventHandler$KeyEventNotification.run(GlassViewEventHandler.java:197)
	at com.sun.javafx.tk.quantum.GlassViewEventHandler$KeyEventNotification.run(GlassViewEventHandler.java:147)
	at java.security.AccessController.doPrivileged(Native Method)
	at com.sun.javafx.tk.quantum.GlassViewEventHandler.lambda$handleKeyEvent$349(GlassViewEventHandler.java:228)
	at com.sun.javafx.tk.quantum.GlassViewEventHandler$$Lambda$207/1437238727.get(Unknown Source)
	at com.sun.javafx.tk.quantum.QuantumToolkit.runWithoutRenderLock(QuantumToolkit.java:404)
	at com.sun.javafx.tk.quantum.GlassViewEventHandler.handleKeyEvent(GlassViewEventHandler.java:227)
	at com.sun.glass.ui.View.handleKeyEvent(View.java:546)
	at com.sun.glass.ui.View.notifyKey(View.java:956)
	at com.sun.glass.ui.gtk.GtkApplication._runLoop(Native Method)
	at com.sun.glass.ui.gtk.GtkApplication.lambda$null$48(GtkApplication.java:139)
	at com.sun.glass.ui.gtk.GtkApplication$$Lambda$41/97730845.run(Unknown Source)
	at java.lang.Thread.run(Thread.java:745)
